<?xml version="1.0" encoding="UTF-8"?>
<!-- Generated by org.testng.reporters.JUnitXMLReporter -->
<testsuite ignored="0" hostname="Snowfy" failures="0" tests="5" name="Test" time="0.09" errors="0" timestamp="2026-07-21T20:44:49 IST">
  <testcase classname="TestngfrmeBasic2.Annotation" name="PlaneClass" time="0.011"/>
  <testcase classname="TestngfrmeBasic2.Annotation" name="Carclass" time="0.002"/>
  <testcase classname="TestngfrmeBasic2.Annotation" name="Walk" time="0.002"/>
  <testcase classname="TestngfrmeBasic2.Annotation" name="Bikeclass" time="0.003"/>
  <testcase classname="TestngfrmeBasic2.Annotation" name="Cycle" time="0.002"/>
</testsuite> <!-- Test -->
