<?xml version="1.0" encoding="UTF-8"?>
<!-- Generated by org.testng.reporters.JUnitReportReporter -->
<testsuite hostname="Snowfy" failures="0" tests="3" name="TestngfrmeBasic2.GroupingExample" time="0.016" errors="0" timestamp="2026-07-21T20:38:33 IST" skipped="1">
  <testcase classname="TestngfrmeBasic2.GroupingExample" name="PlaneClass" time="0.003"/>
  <testcase classname="TestngfrmeBasic2.GroupingExample" name="Carclass" time="0.013"/>
  <testcase classname="TestngfrmeBasic2.GroupingExample" name="Cycle">
    <skipped/>
  </testcase> <!-- Cycle -->
</testsuite> <!-- TestngfrmeBasic2.GroupingExample -->
